{"contracts/Bank.sol":{"l":{"58":0,"59":0,"87":0,"94":0,"95":0,"96":0,"97":0,"101":0,"104":0,"105":0,"106":0,"128":0,"129":0,"130":0,"131":0,"133":0,"134":0,"135":0,"136":0,"137":0,"139":0,"140":0,"141":0,"144":0,"148":0,"152":0,"153":0,"154":0,"165":0,"170":0,"171":0,"172":0,"173":0,"174":0,"195":0,"196":0,"199":0,"201":0,"202":0,"208":0,"226":0,"227":0,"228":0,"229":0,"230":0,"231":0,"232":0,"249":0,"250":0,"254":0,"255":0,"256":0,"257":0,"276":0,"278":0,"280":0,"282":0,"284":0,"286":0,"287":0,"288":0,"308":0,"320":0,"321":0,"322":0,"323":0,"325":0,"353":0,"355":0,"356":0,"357":0,"359":0,"360":0,"361":0,"363":0,"364":0,"365":0,"366":0,"367":0,"370":0,"381":0,"382":0,"385":0,"386":0,"387":0,"391":0,"392":0,"393":0,"394":0,"395":0,"396":0,"399":0,"400":0,"401":0,"402":0,"404":0,"406":0,"413":0,"414":0,"416":0,"428":0,"437":0,"439":0,"440":0,"442":0,"445":0,"446":0,"447":0,"461":0,"462":0,"463":0,"471":0,"481":0,"485":0,"486":0,"491":0},"path":"/Users/chlvlftn22/Desktop/sooho-developer-exercise_pilsu/contracts/Bank.sol","s":{"1":0,"2":0,"3":0,"4":0,"5":0,"6":0,"7":0,"8":0,"9":0,"10":0,"11":0,"12":0,"13":0,"14":0,"15":0,"16":0,"17":0,"18":0,"19":0,"20":0,"21":0,"22":0,"23":0,"24":0,"25":0,"26":0,"27":0,"28":0,"29":0,"30":0,"31":0,"32":0,"33":0,"34":0,"35":0,"36":0,"37":0,"38":0,"39":0,"40":0,"41":0,"42":0,"43":0,"44":0,"45":0,"46":0,"47":0,"48":0,"49":0,"50":0,"51":0,"52":0,"53":0,"54":0,"55":0,"56":0,"57":0,"58":0,"59":0,"60":0,"61":0,"62":0,"63":0,"64":0,"65":0,"66":0,"67":0,"68":0,"69":0,"70":0,"71":0,"72":0,"73":0,"74":0,"75":0},"b":{"1":[0,0],"2":[0,0],"3":[0,0],"4":[0,0],"5":[0,0],"6":[0,0],"7":[0,0],"8":[0,0],"9":[0,0],"10":[0,0],"11":[0,0],"12":[0,0],"13":[0,0],"14":[0,0],"15":[0,0],"16":[0,0],"17":[0,0],"18":[0,0],"19":[0,0],"20":[0,0],"21":[0,0],"22":[0,0],"23":[0,0],"24":[0,0],"25":[0,0],"26":[0,0]},"f":{"1":0,"2":0,"3":0,"4":0,"5":0,"6":0,"7":0,"8":0,"9":0,"10":0,"11":0,"12":0,"13":0,"14":0,"15":0,"16":0,"17":0,"18":0,"19":0,"20":0},"fnMap":{"1":{"name":"constructor","line":57,"loc":{"start":{"line":57,"column":4},"end":{"line":60,"column":4}}},"2":{"name":"calcInterestPerSecond","line":84,"loc":{"start":{"line":84,"column":4},"end":{"line":107,"column":4}}},"3":{"name":"deposit","line":126,"loc":{"start":{"line":126,"column":4},"end":{"line":158,"column":4}}},"4":{"name":"withdraw","line":164,"loc":{"start":{"line":164,"column":4},"end":{"line":177,"column":4}}},"5":{"name":"claimInterest","line":194,"loc":{"start":{"line":194,"column":4},"end":{"line":215,"column":4}}},"6":{"name":"stake","line":225,"loc":{"start":{"line":225,"column":4},"end":{"line":234,"column":4}}},"7":{"name":"unstake","line":247,"loc":{"start":{"line":247,"column":4},"end":{"line":259,"column":4}}},"8":{"name":"claimReward","line":275,"loc":{"start":{"line":275,"column":4},"end":{"line":290,"column":4}}},"9":{"name":"depositPotMoney","line":306,"loc":{"start":{"line":306,"column":4},"end":{"line":309,"column":4}}},"10":{"name":"checkLeaderRankIn","line":316,"loc":{"start":{"line":316,"column":4},"end":{"line":327,"column":4}}},"11":{"name":"showLeaders","line":346,"loc":{"start":{"line":346,"column":4},"end":{"line":371,"column":4}}},"12":{"name":"sortDescending","line":373,"loc":{"start":{"line":373,"column":4},"end":{"line":407,"column":4}}},"13":{"name":"getUserBalance","line":410,"loc":{"start":{"line":410,"column":4},"end":{"line":417,"column":4}}},"14":{"name":"withdrawPotMoney","line":427,"loc":{"start":{"line":427,"column":4},"end":{"line":429,"column":4}}},"15":{"name":"ethTransfer","line":432,"loc":{"start":{"line":432,"column":4},"end":{"line":449,"column":4}}},"16":{"name":"invokeSidecar","line":458,"loc":{"start":{"line":458,"column":4},"end":{"line":464,"column":4}}},"17":{"name":"setBlacklist","line":470,"loc":{"start":{"line":470,"column":4},"end":{"line":472,"column":4}}},"18":{"name":"pause","line":480,"loc":{"start":{"line":480,"column":4},"end":{"line":482,"column":4}}},"19":{"name":"isNotPaused","line":484,"loc":{"start":{"line":484,"column":4},"end":{"line":488,"column":4}}},"20":{"name":"DepositUserNum","line":490,"loc":{"start":{"line":490,"column":4},"end":{"line":492,"column":4}}}},"statementMap":{"1":{"start":{"line":87,"column":8},"end":{"line":87,"column":33}},"2":{"start":{"line":94,"column":8},"end":{"line":94,"column":2806}},"3":{"start":{"line":95,"column":12},"end":{"line":95,"column":58}},"4":{"start":{"line":96,"column":12},"end":{"line":96,"column":73}},"5":{"start":{"line":100,"column":13},"end":{"line":100,"column":3104}},"6":{"start":{"line":104,"column":8},"end":{"line":104,"column":79}},"7":{"start":{"line":105,"column":8},"end":{"line":105,"column":66}},"8":{"start":{"line":106,"column":8},"end":{"line":106,"column":35}},"9":{"start":{"line":128,"column":8},"end":{"line":128,"column":4198}},"10":{"start":{"line":129,"column":12},"end":{"line":129,"column":4269}},"11":{"start":{"line":131,"column":16},"end":{"line":131,"column":50}},"12":{"start":{"line":133,"column":12},"end":{"line":133,"column":36}},"13":{"start":{"line":136,"column":12},"end":{"line":136,"column":64}},"14":{"start":{"line":137,"column":12},"end":{"line":137,"column":4658}},"15":{"start":{"line":139,"column":16},"end":{"line":139,"column":47}},"16":{"start":{"line":141,"column":16},"end":{"line":141,"column":55}},"17":{"start":{"line":144,"column":16},"end":{"line":144,"column":4966}},"18":{"start":{"line":148,"column":20},"end":{"line":148,"column":5189}},"19":{"start":{"line":165,"column":8},"end":{"line":165,"column":5762}},"20":{"start":{"line":170,"column":12},"end":{"line":170,"column":36}},"21":{"start":{"line":172,"column":12},"end":{"line":172,"column":62}},"22":{"start":{"line":173,"column":12},"end":{"line":173,"column":6070}},"23":{"start":{"line":195,"column":8},"end":{"line":195,"column":7168}},"24":{"start":{"line":196,"column":12},"end":{"line":196,"column":7240}},"25":{"start":{"line":199,"column":12},"end":{"line":199,"column":7406}},"26":{"start":{"line":201,"column":12},"end":{"line":201,"column":68}},"27":{"start":{"line":202,"column":12},"end":{"line":202,"column":7578}},"28":{"start":{"line":208,"column":12},"end":{"line":208,"column":7781}},"29":{"start":{"line":226,"column":8},"end":{"line":226,"column":8329}},"30":{"start":{"line":227,"column":12},"end":{"line":227,"column":57}},"31":{"start":{"line":228,"column":12},"end":{"line":228,"column":34}},"32":{"start":{"line":232,"column":12},"end":{"line":232,"column":59}},"33":{"start":{"line":249,"column":8},"end":{"line":249,"column":9192}},"34":{"start":{"line":250,"column":12},"end":{"line":250,"column":9229}},"35":{"start":{"line":254,"column":12},"end":{"line":254,"column":34}},"36":{"start":{"line":257,"column":12},"end":{"line":257,"column":61}},"37":{"start":{"line":276,"column":8},"end":{"line":276,"column":45}},"38":{"start":{"line":278,"column":8},"end":{"line":278,"column":58}},"39":{"start":{"line":280,"column":8},"end":{"line":280,"column":79}},"40":{"start":{"line":282,"column":8},"end":{"line":282,"column":10886}},"41":{"start":{"line":284,"column":8},"end":{"line":284,"column":64}},"42":{"start":{"line":286,"column":8},"end":{"line":286,"column":11022}},"43":{"start":{"line":287,"column":12},"end":{"line":287,"column":76}},"44":{"start":{"line":288,"column":12},"end":{"line":288,"column":72}},"45":{"start":{"line":320,"column":8},"end":{"line":320,"column":38}},"46":{"start":{"line":321,"column":8},"end":{"line":321,"column":42}},"47":{"start":{"line":323,"column":8},"end":{"line":323,"column":12303}},"48":{"start":{"line":325,"column":12},"end":{"line":325,"column":23}},"49":{"start":{"line":353,"column":8},"end":{"line":353,"column":56}},"50":{"start":{"line":355,"column":8},"end":{"line":355,"column":42}},"51":{"start":{"line":356,"column":8},"end":{"line":356,"column":38}},"52":{"start":{"line":359,"column":8},"end":{"line":359,"column":13509}},"53":{"start":{"line":365,"column":12},"end":{"line":365,"column":13741}},"54":{"start":{"line":370,"column":8},"end":{"line":370,"column":33}},"55":{"start":{"line":385,"column":8},"end":{"line":385,"column":14289}},"56":{"start":{"line":386,"column":12},"end":{"line":386,"column":54}},"57":{"start":{"line":391,"column":8},"end":{"line":391,"column":49}},"58":{"start":{"line":392,"column":8},"end":{"line":392,"column":14562}},"59":{"start":{"line":393,"column":12},"end":{"line":393,"column":46}},"60":{"start":{"line":394,"column":12},"end":{"line":394,"column":30}},"61":{"start":{"line":395,"column":12},"end":{"line":395,"column":14694}},"62":{"start":{"line":399,"column":16},"end":{"line":399,"column":65}},"63":{"start":{"line":406,"column":8},"end":{"line":406,"column":56}},"64":{"start":{"line":416,"column":8},"end":{"line":416,"column":45}},"65":{"start":{"line":428,"column":8},"end":{"line":428,"column":54}},"66":{"start":{"line":437,"column":8},"end":{"line":437,"column":16006}},"67":{"start":{"line":439,"column":12},"end":{"line":439,"column":16112}},"68":{"start":{"line":445,"column":8},"end":{"line":445,"column":55}},"69":{"start":{"line":446,"column":8},"end":{"line":446,"column":16345}},"70":{"start":{"line":447,"column":12},"end":{"line":447,"column":26}},"71":{"start":{"line":461,"column":8},"end":{"line":461,"column":33}},"72":{"start":{"line":462,"column":8},"end":{"line":462,"column":67}},"73":{"start":{"line":485,"column":8},"end":{"line":485,"column":17557}},"74":{"start":{"line":486,"column":12},"end":{"line":486,"column":23}},"75":{"start":{"line":491,"column":8},"end":{"line":491,"column":40}}},"branchMap":{"1":{"line":94,"type":"if","locations":[{"start":{"line":94,"column":8},"end":{"line":94,"column":8}},{"start":{"line":94,"column":8},"end":{"line":94,"column":8}}]},"2":{"line":100,"type":"if","locations":[{"start":{"line":100,"column":13},"end":{"line":100,"column":13}},{"start":{"line":100,"column":13},"end":{"line":100,"column":13}}]},"3":{"line":128,"type":"if","locations":[{"start":{"line":128,"column":8},"end":{"line":128,"column":8}},{"start":{"line":128,"column":8},"end":{"line":128,"column":8}}]},"4":{"line":129,"type":"if","locations":[{"start":{"line":129,"column":12},"end":{"line":129,"column":12}},{"start":{"line":129,"column":12},"end":{"line":129,"column":12}}]},"5":{"line":137,"type":"if","locations":[{"start":{"line":137,"column":12},"end":{"line":137,"column":12}},{"start":{"line":137,"column":12},"end":{"line":137,"column":12}}]},"6":{"line":144,"type":"if","locations":[{"start":{"line":144,"column":16},"end":{"line":144,"column":16}},{"start":{"line":144,"column":16},"end":{"line":144,"column":16}}]},"7":{"line":165,"type":"if","locations":[{"start":{"line":165,"column":8},"end":{"line":165,"column":8}},{"start":{"line":165,"column":8},"end":{"line":165,"column":8}}]},"8":{"line":173,"type":"if","locations":[{"start":{"line":173,"column":12},"end":{"line":173,"column":12}},{"start":{"line":173,"column":12},"end":{"line":173,"column":12}}]},"9":{"line":195,"type":"if","locations":[{"start":{"line":195,"column":8},"end":{"line":195,"column":8}},{"start":{"line":195,"column":8},"end":{"line":195,"column":8}}]},"10":{"line":226,"type":"if","locations":[{"start":{"line":226,"column":8},"end":{"line":226,"column":8}},{"start":{"line":226,"column":8},"end":{"line":226,"column":8}}]},"11":{"line":227,"type":"if","locations":[{"start":{"line":227,"column":12},"end":{"line":227,"column":12}},{"start":{"line":227,"column":12},"end":{"line":227,"column":12}}]},"12":{"line":249,"type":"if","locations":[{"start":{"line":249,"column":8},"end":{"line":249,"column":8}},{"start":{"line":249,"column":8},"end":{"line":249,"column":8}}]},"13":{"line":250,"type":"if","locations":[{"start":{"line":250,"column":12},"end":{"line":250,"column":12}},{"start":{"line":250,"column":12},"end":{"line":250,"column":12}}]},"14":{"line":286,"type":"if","locations":[{"start":{"line":286,"column":8},"end":{"line":286,"column":8}},{"start":{"line":286,"column":8},"end":{"line":286,"column":8}}]},"15":{"line":323,"type":"if","locations":[{"start":{"line":323,"column":8},"end":{"line":323,"column":8}},{"start":{"line":323,"column":8},"end":{"line":323,"column":8}}]},"16":{"line":353,"type":"if","locations":[{"start":{"line":353,"column":8},"end":{"line":353,"column":8}},{"start":{"line":353,"column":8},"end":{"line":353,"column":8}}]},"17":{"line":359,"type":"if","locations":[{"start":{"line":359,"column":8},"end":{"line":359,"column":8}},{"start":{"line":359,"column":8},"end":{"line":359,"column":8}}]},"18":{"line":427,"type":"if","locations":[{"start":{"line":427,"column":55},"end":{"line":427,"column":55}},{"start":{"line":427,"column":55},"end":{"line":427,"column":55}}]},"19":{"line":437,"type":"if","locations":[{"start":{"line":437,"column":8},"end":{"line":437,"column":8}},{"start":{"line":437,"column":8},"end":{"line":437,"column":8}}]},"20":{"line":439,"type":"if","locations":[{"start":{"line":439,"column":12},"end":{"line":439,"column":12}},{"start":{"line":439,"column":12},"end":{"line":439,"column":12}}]},"21":{"line":446,"type":"if","locations":[{"start":{"line":446,"column":8},"end":{"line":446,"column":8}},{"start":{"line":446,"column":8},"end":{"line":446,"column":8}}]},"22":{"line":458,"type":"if","locations":[{"start":{"line":458,"column":50},"end":{"line":458,"column":50}},{"start":{"line":458,"column":50},"end":{"line":458,"column":50}}]},"23":{"line":462,"type":"if","locations":[{"start":{"line":462,"column":8},"end":{"line":462,"column":8}},{"start":{"line":462,"column":8},"end":{"line":462,"column":8}}]},"24":{"line":470,"type":"if","locations":[{"start":{"line":470,"column":62},"end":{"line":470,"column":62}},{"start":{"line":470,"column":62},"end":{"line":470,"column":62}}]},"25":{"line":480,"type":"if","locations":[{"start":{"line":480,"column":30},"end":{"line":480,"column":30}},{"start":{"line":480,"column":30},"end":{"line":480,"column":30}}]},"26":{"line":485,"type":"if","locations":[{"start":{"line":485,"column":8},"end":{"line":485,"column":8}},{"start":{"line":485,"column":8},"end":{"line":485,"column":8}}]}}},"contracts/Lock.sol":{"l":{"14":4,"19":3,"20":3,"27":5,"28":4,"30":3,"32":3},"path":"/Users/chlvlftn22/Desktop/sooho-developer-exercise_pilsu/contracts/Lock.sol","s":{"1":4,"2":5,"3":4,"4":3,"5":3},"b":{"1":[3,1],"2":[4,1],"3":[3,1]},"f":{"1":4,"2":5},"fnMap":{"1":{"name":"constructor","line":13,"loc":{"start":{"line":13,"column":4},"end":{"line":21,"column":4}}},"2":{"name":"withdraw","line":23,"loc":{"start":{"line":23,"column":4},"end":{"line":33,"column":4}}}},"statementMap":{"1":{"start":{"line":14,"column":8},"end":{"line":14,"column":327}},"2":{"start":{"line":27,"column":8},"end":{"line":27,"column":71}},"3":{"start":{"line":28,"column":8},"end":{"line":28,"column":59}},"4":{"start":{"line":30,"column":8},"end":{"line":30,"column":63}},"5":{"start":{"line":32,"column":8},"end":{"line":32,"column":44}}},"branchMap":{"1":{"line":14,"type":"if","locations":[{"start":{"line":14,"column":8},"end":{"line":14,"column":8}},{"start":{"line":14,"column":8},"end":{"line":14,"column":8}}]},"2":{"line":27,"type":"if","locations":[{"start":{"line":27,"column":8},"end":{"line":27,"column":8}},{"start":{"line":27,"column":8},"end":{"line":27,"column":8}}]},"3":{"line":28,"type":"if","locations":[{"start":{"line":28,"column":8},"end":{"line":28,"column":8}},{"start":{"line":28,"column":8},"end":{"line":28,"column":8}}]}}},"contracts/RewardNft.sol":{"l":{"35":0,"36":0,"37":0,"39":0,"40":0,"44":0,"48":0,"52":0},"path":"/Users/chlvlftn22/Desktop/sooho-developer-exercise_pilsu/contracts/RewardNft.sol","s":{"1":0,"2":0,"3":0,"4":0,"5":0},"b":{"1":[0,0],"2":[0,0],"3":[0,0],"4":[0,0]},"f":{"1":0,"2":0,"3":0,"4":0},"fnMap":{"1":{"name":"constructor","line":28,"loc":{"start":{"line":28,"column":4},"end":{"line":28,"column":50}}},"2":{"name":"mint","line":34,"loc":{"start":{"line":31,"column":4},"end":{"line":41,"column":4}}},"3":{"name":"_onlyOwner","line":43,"loc":{"start":{"line":43,"column":4},"end":{"line":49,"column":4}}},"4":{"name":"setBankContract","line":51,"loc":{"start":{"line":51,"column":4},"end":{"line":53,"column":4}}}},"statementMap":{"1":{"start":{"line":36,"column":8},"end":{"line":36,"column":26}},"2":{"start":{"line":37,"column":8},"end":{"line":37,"column":39}},"3":{"start":{"line":39,"column":8},"end":{"line":39,"column":28}},"4":{"start":{"line":40,"column":8},"end":{"line":40,"column":23}},"5":{"start":{"line":44,"column":8},"end":{"line":44,"column":91}}},"branchMap":{"1":{"line":34,"type":"if","locations":[{"start":{"line":34,"column":13},"end":{"line":34,"column":13}},{"start":{"line":34,"column":13},"end":{"line":34,"column":13}}]},"2":{"line":44,"type":"if","locations":[{"start":{"line":44,"column":8},"end":{"line":44,"column":8}},{"start":{"line":44,"column":8},"end":{"line":44,"column":8}}]},"3":{"line":44,"type":"cond-expr","locations":[{"start":{"line":44,"column":16},"end":{"line":44,"column":42}},{"start":{"line":44,"column":47},"end":{"line":44,"column":72}}]},"4":{"line":51,"type":"if","locations":[{"start":{"line":51,"column":50},"end":{"line":51,"column":50}},{"start":{"line":51,"column":50},"end":{"line":51,"column":50}}]}}},"contracts/RewardToken.sol":{"l":{"45":0,"46":0,"50":0,"59":0,"60":0,"61":0,"71":0,"73":0,"75":0,"76":0,"82":0,"83":0,"89":0,"102":0,"104":0,"105":0,"115":0,"116":0,"126":0,"127":0,"128":0,"137":0,"141":0,"142":0},"path":"/Users/chlvlftn22/Desktop/sooho-developer-exercise_pilsu/contracts/RewardToken.sol","s":{"1":0,"2":0,"3":0,"4":0,"5":0,"6":0,"7":0,"8":0,"9":0,"10":0,"11":0,"12":0,"13":0,"14":0,"15":0,"16":0,"17":0,"18":0,"19":0},"b":{"1":[0,0],"2":[0,0],"3":[0,0],"4":[0,0],"5":[0,0],"6":[0,0],"7":[0,0],"8":[0,0],"9":[0,0],"10":[0,0],"11":[0,0]},"f":{"1":0,"2":0,"3":0,"4":0,"5":0,"6":0,"7":0,"8":0,"9":0,"10":0,"11":0,"12":0},"fnMap":{"1":{"name":"constructor","line":43,"loc":{"start":{"line":43,"column":4},"end":{"line":47,"column":4}}},"2":{"name":"decimals","line":49,"loc":{"start":{"line":49,"column":4},"end":{"line":51,"column":4}}},"3":{"name":"deposit","line":57,"loc":{"start":{"line":57,"column":4},"end":{"line":63,"column":4}}},"4":{"name":"withdraw","line":69,"loc":{"start":{"line":69,"column":4},"end":{"line":78,"column":4}}},"5":{"name":"ethTransfer","line":80,"loc":{"start":{"line":80,"column":4},"end":{"line":84,"column":4}}},"6":{"name":"realRatio","line":87,"loc":{"start":{"line":87,"column":4},"end":{"line":90,"column":4}}},"7":{"name":"mint","line":100,"loc":{"start":{"line":100,"column":4},"end":{"line":107,"column":4}}},"8":{"name":"setMinter","line":113,"loc":{"start":{"line":113,"column":4},"end":{"line":117,"column":4}}},"9":{"name":"updateSwapRatio","line":125,"loc":{"start":{"line":125,"column":4},"end":{"line":129,"column":4}}},"10":{"name":"pause","line":136,"loc":{"start":{"line":136,"column":4},"end":{"line":138,"column":4}}},"11":{"name":"isNotPaused","line":140,"loc":{"start":{"line":140,"column":4},"end":{"line":144,"column":4}}},"12":{"name":null,"line":148,"loc":{"start":{"line":148,"column":4},"end":{"line":148,"column":33}}}},"statementMap":{"1":{"start":{"line":50,"column":8},"end":{"line":50,"column":16}},"2":{"start":{"line":59,"column":8},"end":{"line":59,"column":1992}},"3":{"start":{"line":60,"column":12},"end":{"line":60,"column":51}},"4":{"start":{"line":61,"column":12},"end":{"line":61,"column":64}},"5":{"start":{"line":71,"column":8},"end":{"line":71,"column":2398}},"6":{"start":{"line":73,"column":12},"end":{"line":73,"column":36}},"7":{"start":{"line":75,"column":12},"end":{"line":75,"column":63}},"8":{"start":{"line":76,"column":12},"end":{"line":76,"column":62}},"9":{"start":{"line":82,"column":8},"end":{"line":82,"column":55}},"10":{"start":{"line":83,"column":8},"end":{"line":83,"column":47}},"11":{"start":{"line":89,"column":8},"end":{"line":89,"column":58}},"12":{"start":{"line":102,"column":8},"end":{"line":102,"column":73}},"13":{"start":{"line":104,"column":8},"end":{"line":104,"column":3503}},"14":{"start":{"line":105,"column":12},"end":{"line":105,"column":33}},"15":{"start":{"line":116,"column":8},"end":{"line":116,"column":48}},"16":{"start":{"line":126,"column":8},"end":{"line":126,"column":63}},"17":{"start":{"line":128,"column":8},"end":{"line":128,"column":57}},"18":{"start":{"line":141,"column":8},"end":{"line":141,"column":4609}},"19":{"start":{"line":142,"column":12},"end":{"line":142,"column":23}}},"branchMap":{"1":{"line":59,"type":"if","locations":[{"start":{"line":59,"column":8},"end":{"line":59,"column":8}},{"start":{"line":59,"column":8},"end":{"line":59,"column":8}}]},"2":{"line":71,"type":"if","locations":[{"start":{"line":71,"column":8},"end":{"line":71,"column":8}},{"start":{"line":71,"column":8},"end":{"line":71,"column":8}}]},"3":{"line":80,"type":"if","locations":[{"start":{"line":80,"column":69},"end":{"line":80,"column":69}},{"start":{"line":80,"column":69},"end":{"line":80,"column":69}}]},"4":{"line":83,"type":"if","locations":[{"start":{"line":83,"column":8},"end":{"line":83,"column":8}},{"start":{"line":83,"column":8},"end":{"line":83,"column":8}}]},"5":{"line":102,"type":"if","locations":[{"start":{"line":102,"column":8},"end":{"line":102,"column":8}},{"start":{"line":102,"column":8},"end":{"line":102,"column":8}}]},"6":{"line":104,"type":"if","locations":[{"start":{"line":104,"column":8},"end":{"line":104,"column":8}},{"start":{"line":104,"column":8},"end":{"line":104,"column":8}}]},"7":{"line":113,"type":"if","locations":[{"start":{"line":113,"column":49},"end":{"line":113,"column":49}},{"start":{"line":113,"column":49},"end":{"line":113,"column":49}}]},"8":{"line":125,"type":"if","locations":[{"start":{"line":125,"column":58},"end":{"line":125,"column":58}},{"start":{"line":125,"column":58},"end":{"line":125,"column":58}}]},"9":{"line":126,"type":"if","locations":[{"start":{"line":126,"column":8},"end":{"line":126,"column":8}},{"start":{"line":126,"column":8},"end":{"line":126,"column":8}}]},"10":{"line":136,"type":"if","locations":[{"start":{"line":136,"column":30},"end":{"line":136,"column":30}},{"start":{"line":136,"column":30},"end":{"line":136,"column":30}}]},"11":{"line":141,"type":"if","locations":[{"start":{"line":141,"column":8},"end":{"line":141,"column":8}},{"start":{"line":141,"column":8},"end":{"line":141,"column":8}}]}}},"contracts/Router.sol":{"l":{"10":0,"28":0,"30":0,"31":0,"37":0,"44":0,"47":0,"48":0,"49":0,"52":0,"53":0,"55":0,"56":0,"57":0,"58":0,"61":0,"91":0,"93":0,"95":0,"96":0,"99":0,"100":0,"103":0,"104":0,"107":0,"108":0,"110":0,"111":0,"112":0,"123":0},"path":"/Users/chlvlftn22/Desktop/sooho-developer-exercise_pilsu/contracts/Router.sol","s":{"1":0,"2":0,"3":0,"4":0,"5":0,"6":0,"7":0,"8":0,"9":0,"10":0,"11":0,"12":0,"13":0,"14":0,"15":0,"16":0,"17":0},"b":{"1":[0,0],"2":[0,0],"3":[0,0]},"f":{"1":0,"2":0,"3":0,"4":0},"fnMap":{"1":{"name":"constructor","line":9,"loc":{"start":{"line":9,"column":4},"end":{"line":11,"column":4}}},"2":{"name":"getUsers","line":20,"loc":{"start":{"line":20,"column":4},"end":{"line":62,"column":4}}},"3":{"name":"getUserInfo","line":69,"loc":{"start":{"line":69,"column":4},"end":{"line":120,"column":4}}},"4":{"name":"encode","line":122,"loc":{"start":{"line":122,"column":4},"end":{"line":124,"column":4}}}},"statementMap":{"1":{"start":{"line":28,"column":8},"end":{"line":28,"column":30}},"2":{"start":{"line":30,"column":8},"end":{"line":30,"column":47}},"3":{"start":{"line":31,"column":8},"end":{"line":31,"column":730}},"4":{"start":{"line":37,"column":8},"end":{"line":37,"column":44}},"5":{"start":{"line":44,"column":8},"end":{"line":44,"column":49}},"6":{"start":{"line":47,"column":8},"end":{"line":47,"column":48}},"7":{"start":{"line":48,"column":8},"end":{"line":48,"column":1203}},"8":{"start":{"line":55,"column":8},"end":{"line":55,"column":1446}},"9":{"start":{"line":61,"column":8},"end":{"line":61,"column":33}},"10":{"start":{"line":91,"column":8},"end":{"line":91,"column":78}},"11":{"start":{"line":93,"column":8},"end":{"line":93,"column":38}},"12":{"start":{"line":95,"column":8},"end":{"line":95,"column":2536}},"13":{"start":{"line":96,"column":12},"end":{"line":96,"column":2591}},"14":{"start":{"line":103,"column":8},"end":{"line":103,"column":2779}},"15":{"start":{"line":104,"column":12},"end":{"line":104,"column":2813}},"16":{"start":{"line":112,"column":8},"end":{"line":112,"column":3104}},"17":{"start":{"line":123,"column":7},"end":{"line":123,"column":48}}},"branchMap":{"1":{"line":48,"type":"if","locations":[{"start":{"line":48,"column":8},"end":{"line":48,"column":8}},{"start":{"line":48,"column":8},"end":{"line":48,"column":8}}]},"2":{"line":95,"type":"if","locations":[{"start":{"line":95,"column":8},"end":{"line":95,"column":8}},{"start":{"line":95,"column":8},"end":{"line":95,"column":8}}]},"3":{"line":103,"type":"if","locations":[{"start":{"line":103,"column":8},"end":{"line":103,"column":8}},{"start":{"line":103,"column":8},"end":{"line":103,"column":8}}]}}}}