TN:
SF:/Users/chlvlftn22/Desktop/sooho-developer-exercise_pilsu/contracts/Bank.sol
FN:57,constructor
FN:84,calcInterestPerSecond
FN:126,deposit
FN:164,withdraw
FN:194,claimInterest
FN:225,stake
FN:247,unstake
FN:275,claimReward
FN:306,depositPotMoney
FN:316,checkLeaderRankIn
FN:346,showLeaders
FN:373,sortDescending
FN:410,getUserBalance
FN:427,withdrawPotMoney
FN:432,ethTransfer
FN:458,invokeSidecar
FN:470,setBlacklist
FN:480,pause
FN:484,isNotPaused
FN:490,DepositUserNum
FNF:20
FNH:0
FNDA:0,constructor
FNDA:0,calcInterestPerSecond
FNDA:0,deposit
FNDA:0,withdraw
FNDA:0,claimInterest
FNDA:0,stake
FNDA:0,unstake
FNDA:0,claimReward
FNDA:0,depositPotMoney
FNDA:0,checkLeaderRankIn
FNDA:0,showLeaders
FNDA:0,sortDescending
FNDA:0,getUserBalance
FNDA:0,withdrawPotMoney
FNDA:0,ethTransfer
FNDA:0,invokeSidecar
FNDA:0,setBlacklist
FNDA:0,pause
FNDA:0,isNotPaused
FNDA:0,DepositUserNum
DA:58,0
DA:59,0
DA:87,0
DA:94,0
DA:95,0
DA:96,0
DA:97,0
DA:101,0
DA:104,0
DA:105,0
DA:106,0
DA:128,0
DA:129,0
DA:130,0
DA:131,0
DA:133,0
DA:134,0
DA:135,0
DA:136,0
DA:137,0
DA:139,0
DA:140,0
DA:141,0
DA:144,0
DA:148,0
DA:152,0
DA:153,0
DA:154,0
DA:165,0
DA:170,0
DA:171,0
DA:172,0
DA:173,0
DA:174,0
DA:195,0
DA:196,0
DA:199,0
DA:201,0
DA:202,0
DA:208,0
DA:226,0
DA:227,0
DA:228,0
DA:229,0
DA:230,0
DA:231,0
DA:232,0
DA:249,0
DA:250,0
DA:254,0
DA:255,0
DA:256,0
DA:257,0
DA:276,0
DA:278,0
DA:280,0
DA:282,0
DA:284,0
DA:286,0
DA:287,0
DA:288,0
DA:308,0
DA:320,0
DA:321,0
DA:322,0
DA:323,0
DA:325,0
DA:353,0
DA:355,0
DA:356,0
DA:357,0
DA:359,0
DA:360,0
DA:361,0
DA:363,0
DA:364,0
DA:365,0
DA:366,0
DA:367,0
DA:370,0
DA:381,0
DA:382,0
DA:385,0
DA:386,0
DA:387,0
DA:391,0
DA:392,0
DA:393,0
DA:394,0
DA:395,0
DA:396,0
DA:399,0
DA:400,0
DA:401,0
DA:402,0
DA:404,0
DA:406,0
DA:413,0
DA:414,0
DA:416,0
DA:428,0
DA:437,0
DA:439,0
DA:440,0
DA:442,0
DA:445,0
DA:446,0
DA:447,0
DA:461,0
DA:462,0
DA:463,0
DA:471,0
DA:481,0
DA:485,0
DA:486,0
DA:491,0
LF:116
LH:0
BRDA:94,1,0,0
BRDA:94,1,1,0
BRDA:100,2,0,0
BRDA:100,2,1,0
BRDA:128,3,0,0
BRDA:128,3,1,0
BRDA:129,4,0,0
BRDA:129,4,1,0
BRDA:137,5,0,0
BRDA:137,5,1,0
BRDA:144,6,0,0
BRDA:144,6,1,0
BRDA:165,7,0,0
BRDA:165,7,1,0
BRDA:173,8,0,0
BRDA:173,8,1,0
BRDA:195,9,0,0
BRDA:195,9,1,0
BRDA:226,10,0,0
BRDA:226,10,1,0
BRDA:227,11,0,0
BRDA:227,11,1,0
BRDA:249,12,0,0
BRDA:249,12,1,0
BRDA:250,13,0,0
BRDA:250,13,1,0
BRDA:286,14,0,0
BRDA:286,14,1,0
BRDA:323,15,0,0
BRDA:323,15,1,0
BRDA:353,16,0,0
BRDA:353,16,1,0
BRDA:359,17,0,0
BRDA:359,17,1,0
BRDA:427,18,0,0
BRDA:427,18,1,0
BRDA:437,19,0,0
BRDA:437,19,1,0
BRDA:439,20,0,0
BRDA:439,20,1,0
BRDA:446,21,0,0
BRDA:446,21,1,0
BRDA:458,22,0,0
BRDA:458,22,1,0
BRDA:462,23,0,0
BRDA:462,23,1,0
BRDA:470,24,0,0
BRDA:470,24,1,0
BRDA:480,25,0,0
BRDA:480,25,1,0
BRDA:485,26,0,0
BRDA:485,26,1,0
BRF:52
BRH:0
end_of_record
TN:
SF:/Users/chlvlftn22/Desktop/sooho-developer-exercise_pilsu/contracts/Lock.sol
FN:13,constructor
FN:23,withdraw
FNF:2
FNH:2
FNDA:4,constructor
FNDA:5,withdraw
DA:14,4
DA:19,3
DA:20,3
DA:27,5
DA:28,4
DA:30,3
DA:32,3
LF:7
LH:7
BRDA:14,1,0,3
BRDA:14,1,1,1
BRDA:27,2,0,4
BRDA:27,2,1,1
BRDA:28,3,0,3
BRDA:28,3,1,1
BRF:6
BRH:6
end_of_record
TN:
SF:/Users/chlvlftn22/Desktop/sooho-developer-exercise_pilsu/contracts/RewardNft.sol
FN:28,constructor
FN:34,mint
FN:43,_onlyOwner
FN:51,setBankContract
FNF:4
FNH:0
FNDA:0,constructor
FNDA:0,mint
FNDA:0,_onlyOwner
FNDA:0,setBankContract
DA:35,0
DA:36,0
DA:37,0
DA:39,0
DA:40,0
DA:44,0
DA:48,0
DA:52,0
LF:8
LH:0
BRDA:34,1,0,0
BRDA:34,1,1,0
BRDA:44,2,0,0
BRDA:44,2,1,0
BRDA:44,3,0,0
BRDA:44,3,1,0
BRDA:51,4,0,0
BRDA:51,4,1,0
BRF:8
BRH:0
end_of_record
TN:
SF:/Users/chlvlftn22/Desktop/sooho-developer-exercise_pilsu/contracts/RewardToken.sol
FN:43,constructor
FN:49,decimals
FN:57,deposit
FN:69,withdraw
FN:80,ethTransfer
FN:87,realRatio
FN:100,mint
FN:113,setMinter
FN:125,updateSwapRatio
FN:136,pause
FN:140,isNotPaused
FN:148,
FNF:12
FNH:0
FNDA:0,constructor
FNDA:0,decimals
FNDA:0,deposit
FNDA:0,withdraw
FNDA:0,ethTransfer
FNDA:0,realRatio
FNDA:0,mint
FNDA:0,setMinter
FNDA:0,updateSwapRatio
FNDA:0,pause
FNDA:0,isNotPaused
FNDA:0,
DA:45,0
DA:46,0
DA:50,0
DA:59,0
DA:60,0
DA:61,0
DA:71,0
DA:73,0
DA:75,0
DA:76,0
DA:82,0
DA:83,0
DA:89,0
DA:102,0
DA:104,0
DA:105,0
DA:115,0
DA:116,0
DA:126,0
DA:127,0
DA:128,0
DA:137,0
DA:141,0
DA:142,0
LF:24
LH:0
BRDA:59,1,0,0
BRDA:59,1,1,0
BRDA:71,2,0,0
BRDA:71,2,1,0
BRDA:80,3,0,0
BRDA:80,3,1,0
BRDA:83,4,0,0
BRDA:83,4,1,0
BRDA:102,5,0,0
BRDA:102,5,1,0
BRDA:104,6,0,0
BRDA:104,6,1,0
BRDA:113,7,0,0
BRDA:113,7,1,0
BRDA:125,8,0,0
BRDA:125,8,1,0
BRDA:126,9,0,0
BRDA:126,9,1,0
BRDA:136,10,0,0
BRDA:136,10,1,0
BRDA:141,11,0,0
BRDA:141,11,1,0
BRF:22
BRH:0
end_of_record
TN:
SF:/Users/chlvlftn22/Desktop/sooho-developer-exercise_pilsu/contracts/Router.sol
FN:9,constructor
FN:20,getUsers
FN:69,getUserInfo
FN:122,encode
FNF:4
FNH:0
FNDA:0,constructor
FNDA:0,getUsers
FNDA:0,getUserInfo
FNDA:0,encode
DA:10,0
DA:28,0
DA:30,0
DA:31,0
DA:37,0
DA:44,0
DA:47,0
DA:48,0
DA:49,0
DA:52,0
DA:53,0
DA:55,0
DA:56,0
DA:57,0
DA:58,0
DA:61,0
DA:91,0
DA:93,0
DA:95,0
DA:96,0
DA:99,0
DA:100,0
DA:103,0
DA:104,0
DA:107,0
DA:108,0
DA:110,0
DA:111,0
DA:112,0
DA:123,0
LF:30
LH:0
BRDA:48,1,0,0
BRDA:48,1,1,0
BRDA:95,2,0,0
BRDA:95,2,1,0
BRDA:103,3,0,0
BRDA:103,3,1,0
BRF:6
BRH:0
end_of_record
